<?xml version="1.0" encoding="UTF-8"?>
<!-- Generated by org.testng.reporters.JUnitXMLReporter -->
<testsuite ignored="0" hostname="IBM-D65HY04" failures="0" tests="3" name="SuiteTests" time="0.054" errors="0" timestamp="2025-02-16T11:40:56 IST">
  <testcase classname="suiteExample.DemoOne" name="firstTestCase" time="0.006"/>
  <testcase classname="suiteExample.DemoOne" name="secondTestCase" time="0.002"/>
  <testcase classname="suiteExample.DemoTwo" name="TestCase" time="0.002"/>
</testsuite> <!-- SuiteTests -->
